<?xml version="1.0" encoding="UTF-8"?>
<!-- Generated by org.testng.reporters.JUnitXMLReporter -->
<testsuite ignored="0" hostname="Nancy" failures="1" tests="1" name="Default test(failed)" time="25.179" errors="0" timestamp="2024-01-24T23:26:31 CST">
  <testcase classname="test.AddCustomerTest" name="userShouldBeAbleToAddCustomer" time="25.146">
    <failure type="org.openqa.selenium.NoSuchElementException" message="Cannot locate element with text: Techfios
For documentation on this error, please visit: https://www.seleniumhq.org/exceptions/no_such_element.html
Build info: version: &amp;apos;3.141.59&amp;apos;, revision: &amp;apos;e82be7d358&amp;apos;, time: &amp;apos;2018-11-14T08:17:03&amp;apos;
System info: host: &amp;apos;NANCY&amp;apos;, ip: &amp;apos;192.168.1.74&amp;apos;, os.name: &amp;apos;Windows 11&amp;apos;, os.arch: &amp;apos;amd64&amp;apos;, os.version: &amp;apos;10.0&amp;apos;, java.version: &amp;apos;17.0.7&amp;apos;
Driver info: driver.version: unknown">
      <![CDATA[org.openqa.selenium.NoSuchElementException: Cannot locate element with text: Techfios
For documentation on this error, please visit: https://www.seleniumhq.org/exceptions/no_such_element.html
Build info: version: '3.141.59', revision: 'e82be7d358', time: '2018-11-14T08:17:03'
System info: host: 'NANCY', ip: '192.168.1.74', os.name: 'Windows 11', os.arch: 'amd64', os.version: '10.0', java.version: '17.0.7'
Driver info: driver.version: unknown
at org.openqa.selenium.support.ui.Select.selectByVisibleText(Select.java:147)
at page.BasePage.selectDropdown(BasePage.java:25)
at page.AddCustomerPage.selectCompanyFromDropdown(AddCustomerPage.java:50)
at test.AddCustomerTest.userShouldBeAbleToAddCustomer(AddCustomerTest.java:54)
at java.base/java.util.ArrayList.forEach(ArrayList.java:1511)
... Removed 27 stack frames]]>
    </failure>
  </testcase> <!-- userShouldBeAbleToAddCustomer -->
</testsuite> <!-- Default test(failed) -->
